<?xml version="1.0" encoding="UTF-8"?>
<!-- Generated by org.testng.reporters.JUnitReportReporter -->
<testsuite skipped="0" hostname="hp-PC" name="Driven.driven" tests="4" failures="0" timestamp="19 Oct 2020 10:10:44 GMT" time="0.014" errors="0">
  <testcase name="testcase2" time="0.002" classname="Driven.driven"/>
  <testcase name="testcase2" time="0.002" classname="Driven.driven"/>
  <testcase name="testcase2" time="0.005" classname="Driven.driven"/>
  <testcase name="testcase2" time="0.005" classname="Driven.driven"/>
</testsuite> <!-- Driven.driven -->
