<?xml version="1.0" encoding="UTF-8"?>
<!-- Generated by org.testng.reporters.JUnitReportReporter -->
<testsuite skipped="0" hostname="hp-PC" name="Driven.Grouping" tests="9" failures="0" timestamp="19 Oct 2020 10:10:44 GMT" time="0.043" errors="0">
  <testcase name="Testcase7" time="0.002" classname="Driven.Grouping"/>
  <testcase name="Testcase5" time="0.002" classname="Driven.Grouping"/>
  <testcase name="Testcase9" time="0.002" classname="Driven.Grouping"/>
  <testcase name="Testcase1" time="0.019" classname="Driven.Grouping"/>
  <testcase name="Testcase3" time="0.003" classname="Driven.Grouping"/>
  <testcase name="Testcase6" time="0.002" classname="Driven.Grouping"/>
  <testcase name="Testcase4" time="0.002" classname="Driven.Grouping"/>
  <testcase name="Testcase2" time="0.008" classname="Driven.Grouping"/>
  <testcase name="Testcase8" time="0.003" classname="Driven.Grouping"/>
</testsuite> <!-- Driven.Grouping -->
